Arguments: 
  /usr/local/Cellar/node/14.13.0/bin/node /usr/local/bin/yarn install

PATH: 
  /usr/local/bin:/usr/bin:/bin:/usr/sbin:/sbin:/usr/local/go/bin:/Users/rafaudx/go/bin:/Users/rafaudx/go/bin

Yarn version: 
  1.22.19

Node version: 
  14.13.0

Platform: 
  darwin x64

Trace: 
  Error: getaddrinfo ENOTFOUND registry.yarnpkg.com
      at GetAddrInfoReqWrap.onlookup [as oncomplete] (dns.js:67:26)

npm manifest: 
  {
  	"name": "e2e",
  	"version": "0.0.1",
  	"description": "A front end automation framework for e2e tests using Cypress with Typescript",
  	"main": "index.js",
  	"author": "Deimos",
  	"license": "Deimos",
  	"private": true,
  	"scripts": {
  		"compile": "yarn clean && tsc -p tsconfig.json",
  		"lint": "eslint -c .eslintrc.js ./src/**/*.ts --format stylish --fix && gherkin-lint -c .gherkint-lintrc",
  		"test": "node ./lib",
  		"pretest": "yarn run compile",
  		"clean": "rimraf lib/*"
  	},
  	"dependencies": {
  		"body-parser": "^1.19.1",
  		"cucumber": "^6.0.5",
  		"esm": "^3.2.25",
  		"faker": "^6.6.6",
  		"lodash-es": "4.17.21",
  		"ts-node": "^10.4.0"
  	},
  	"devDependencies": {
  		"@types/cucumber": "^6.0.0",
  		"@types/cypress-cucumber-preprocessor": "^4.0.1",
  		"@types/faker": "^5.5.9",
  		"@types/minimist": "^1.2.2",
  		"@types/node": "^17.0.8",
  		"@typescript-eslint/eslint-plugin": "^2.16.0",
  		"@typescript-eslint/eslint-plugin-tslint": "^2.16.0",
  		"@typescript-eslint/parser": "^2.16.0",
  		"concurrently": "^5.0.0",
  		"cypress": "^8.7.0",
  		"cypress-cucumber-preprocessor": "^4.3.1",
  		"cypress-real-events": "^1.6.0",
  		"eslint": "^6.8.0",
  		"eslint-config-prettier": "^6.9.0",
  		"eslint-config-standard": "^14.1.0",
  		"eslint-plugin-import": "^2.20.0",
  		"eslint-plugin-node": "^11.0.0",
  		"eslint-plugin-prettier": "^3.1.2",
  		"eslint-plugin-promise": "^4.2.1",
  		"eslint-plugin-standard": "^4.0.1",
  		"gherkin-lint": "^4.2.2",
  		"minimist": "^1.2.5",
  		"prettier": "^2.5.1",
  		"rimraf": "^3.0.2",
  		"tsify": "^5.0.4",
  		"typescript": "^4.5.4"
  	},
  	"cypress-cucumber-preprocessor": {
  		"nonGlobalStepDefinitions": true
  	},
  	"resolutions": {
  		"**/cucumber/colors": "1.4.0",
  		"**/cli-table3/colors": "1.4.0"
  	}
  }

yarn manifest: 
  No manifest

Lockfile: 
  No lockfile
